
**** Build of configuration Debug for project freertos_demo ****

"C:\\Program Files\\Texas Instruments\\ccsv5\\utils\\bin\\gmake" -k all 
'Building file: ../freertos_demo.c'
'Invoking: ARM Compiler'
"C:/Program Files/Texas Instruments/ccsv5/tools/compiler/arm_5.0.4/bin/armcl" -mv7M4 --code_state=16 --float_support=FPv4SPD16 --abi=eabi -me -O2 -g --include_path="C:/Program Files/Texas Instruments/ccsv5/tools/compiler/arm_5.0.4/include" --include_path="J:/WorkHouse2013/SW2013/S01_1307_VTDR_Stellaris/freertos_demo" --include_path="J:/WorkHouse2013/SWRf2013/StellarisTiVa/TiVa/TivaWare_C_Series-1.0/examples/boards/ek-tm4c123gxl" --include_path="J:/WorkHouse2013/SWRf2013/StellarisTiVa/TiVa/TivaWare_C_Series-1.0" --include_path="J:/WorkHouse2013/SWRf2013/StellarisTiVa/TiVa/TivaWare_C_Series-1.0/third_party" --include_path="J:/WorkHouse2013/SWRf2013/StellarisTiVa/TiVa/TivaWare_C_Series-1.0/third_party/FreeRTOS/Source/include" --include_path="J:/WorkHouse2013/SWRf2013/StellarisTiVa/TiVa/TivaWare_C_Series-1.0/third_party/FreeRTOS" --include_path="J:/WorkHouse2013/SWRf2013/StellarisTiVa/TiVa/TivaWare_C_Series-1.0/third_party/FreeRTOS/Source/portable/CCS/ARM_CM4F" --gcc --define=ccs="ccs" --define=PART_TM4C123GH6PM --define=TARGET_IS_BLIZZARD_RB1 --diag_warning=225 --display_error_number --diag_wrap=off --gen_func_subsections=on --ual --preproc_with_compile --preproc_dependency="freertos_demo.pp"  "../freertos_demo.c"
'Finished building: ../freertos_demo.c'
' '
'Building file: ../led_task.c'
'Invoking: ARM Compiler'
"C:/Program Files/Texas Instruments/ccsv5/tools/compiler/arm_5.0.4/bin/armcl" -mv7M4 --code_state=16 --float_support=FPv4SPD16 --abi=eabi -me -O2 -g --include_path="C:/Program Files/Texas Instruments/ccsv5/tools/compiler/arm_5.0.4/include" --include_path="J:/WorkHouse2013/SW2013/S01_1307_VTDR_Stellaris/freertos_demo" --include_path="J:/WorkHouse2013/SWRf2013/StellarisTiVa/TiVa/TivaWare_C_Series-1.0/examples/boards/ek-tm4c123gxl" --include_path="J:/WorkHouse2013/SWRf2013/StellarisTiVa/TiVa/TivaWare_C_Series-1.0" --include_path="J:/WorkHouse2013/SWRf2013/StellarisTiVa/TiVa/TivaWare_C_Series-1.0/third_party" --include_path="J:/WorkHouse2013/SWRf2013/StellarisTiVa/TiVa/TivaWare_C_Series-1.0/third_party/FreeRTOS/Source/include" --include_path="J:/WorkHouse2013/SWRf2013/StellarisTiVa/TiVa/TivaWare_C_Series-1.0/third_party/FreeRTOS" --include_path="J:/WorkHouse2013/SWRf2013/StellarisTiVa/TiVa/TivaWare_C_Series-1.0/third_party/FreeRTOS/Source/portable/CCS/ARM_CM4F" --gcc --define=ccs="ccs" --define=PART_TM4C123GH6PM --define=TARGET_IS_BLIZZARD_RB1 --diag_warning=225 --display_error_number --diag_wrap=off --gen_func_subsections=on --ual --preproc_with_compile --preproc_dependency="led_task.pp"  "../led_task.c"
'Finished building: ../led_task.c'
' '
'Building file: ../startup_ccs.c'
'Invoking: ARM Compiler'
"C:/Program Files/Texas Instruments/ccsv5/tools/compiler/arm_5.0.4/bin/armcl" -mv7M4 --code_state=16 --float_support=FPv4SPD16 --abi=eabi -me -O2 -g --include_path="C:/Program Files/Texas Instruments/ccsv5/tools/compiler/arm_5.0.4/include" --include_path="J:/WorkHouse2013/SW2013/S01_1307_VTDR_Stellaris/freertos_demo" --include_path="J:/WorkHouse2013/SWRf2013/StellarisTiVa/TiVa/TivaWare_C_Series-1.0/examples/boards/ek-tm4c123gxl" --include_path="J:/WorkHouse2013/SWRf2013/StellarisTiVa/TiVa/TivaWare_C_Series-1.0" --include_path="J:/WorkHouse2013/SWRf2013/StellarisTiVa/TiVa/TivaWare_C_Series-1.0/third_party" --include_path="J:/WorkHouse2013/SWRf2013/StellarisTiVa/TiVa/TivaWare_C_Series-1.0/third_party/FreeRTOS/Source/include" --include_path="J:/WorkHouse2013/SWRf2013/StellarisTiVa/TiVa/TivaWare_C_Series-1.0/third_party/FreeRTOS" --include_path="J:/WorkHouse2013/SWRf2013/StellarisTiVa/TiVa/TivaWare_C_Series-1.0/third_party/FreeRTOS/Source/portable/CCS/ARM_CM4F" --gcc --define=ccs="ccs" --define=PART_TM4C123GH6PM --define=TARGET_IS_BLIZZARD_RB1 --diag_warning=225 --display_error_number --diag_wrap=off --gen_func_subsections=on --ual --preproc_with_compile --preproc_dependency="startup_ccs.pp"  "../startup_ccs.c"
'Finished building: ../startup_ccs.c'
' '
'Building file: ../switch_task.c'
'Invoking: ARM Compiler'
"C:/Program Files/Texas Instruments/ccsv5/tools/compiler/arm_5.0.4/bin/armcl" -mv7M4 --code_state=16 --float_support=FPv4SPD16 --abi=eabi -me -O2 -g --include_path="C:/Program Files/Texas Instruments/ccsv5/tools/compiler/arm_5.0.4/include" --include_path="J:/WorkHouse2013/SW2013/S01_1307_VTDR_Stellaris/freertos_demo" --include_path="J:/WorkHouse2013/SWRf2013/StellarisTiVa/TiVa/TivaWare_C_Series-1.0/examples/boards/ek-tm4c123gxl" --include_path="J:/WorkHouse2013/SWRf2013/StellarisTiVa/TiVa/TivaWare_C_Series-1.0" --include_path="J:/WorkHouse2013/SWRf2013/StellarisTiVa/TiVa/TivaWare_C_Series-1.0/third_party" --include_path="J:/WorkHouse2013/SWRf2013/StellarisTiVa/TiVa/TivaWare_C_Series-1.0/third_party/FreeRTOS/Source/include" --include_path="J:/WorkHouse2013/SWRf2013/StellarisTiVa/TiVa/TivaWare_C_Series-1.0/third_party/FreeRTOS" --include_path="J:/WorkHouse2013/SWRf2013/StellarisTiVa/TiVa/TivaWare_C_Series-1.0/third_party/FreeRTOS/Source/portable/CCS/ARM_CM4F" --gcc --define=ccs="ccs" --define=PART_TM4C123GH6PM --define=TARGET_IS_BLIZZARD_RB1 --diag_warning=225 --display_error_number --diag_wrap=off --gen_func_subsections=on --ual --preproc_with_compile --preproc_dependency="switch_task.pp"  "../switch_task.c"
'Finished building: ../switch_task.c'
' '
'Building file: J:/WorkHouse2013/SWRf2013/StellarisTiVa/TiVa/TivaWare_C_Series-1.0/utils/uartstdio.c'
'Invoking: ARM Compiler'
"C:/Program Files/Texas Instruments/ccsv5/tools/compiler/arm_5.0.4/bin/armcl" -mv7M4 --code_state=16 --float_support=FPv4SPD16 --abi=eabi -me -O2 -g --include_path="C:/Program Files/Texas Instruments/ccsv5/tools/compiler/arm_5.0.4/include" --include_path="J:/WorkHouse2013/SW2013/S01_1307_VTDR_Stellaris/freertos_demo" --include_path="J:/WorkHouse2013/SWRf2013/StellarisTiVa/TiVa/TivaWare_C_Series-1.0/examples/boards/ek-tm4c123gxl" --include_path="J:/WorkHouse2013/SWRf2013/StellarisTiVa/TiVa/TivaWare_C_Series-1.0" --include_path="J:/WorkHouse2013/SWRf2013/StellarisTiVa/TiVa/TivaWare_C_Series-1.0/third_party" --include_path="J:/WorkHouse2013/SWRf2013/StellarisTiVa/TiVa/TivaWare_C_Series-1.0/third_party/FreeRTOS/Source/include" --include_path="J:/WorkHouse2013/SWRf2013/StellarisTiVa/TiVa/TivaWare_C_Series-1.0/third_party/FreeRTOS" --include_path="J:/WorkHouse2013/SWRf2013/StellarisTiVa/TiVa/TivaWare_C_Series-1.0/third_party/FreeRTOS/Source/portable/CCS/ARM_CM4F" --gcc --define=ccs="ccs" --define=PART_TM4C123GH6PM --define=TARGET_IS_BLIZZARD_RB1 --diag_warning=225 --display_error_number --diag_wrap=off --gen_func_subsections=on --ual --preproc_with_compile --preproc_dependency="utils/uartstdio.pp" --obj_directory="utils"  "J:/WorkHouse2013/SWRf2013/StellarisTiVa/TiVa/TivaWare_C_Series-1.0/utils/uartstdio.c"
'Finished building: J:/WorkHouse2013/SWRf2013/StellarisTiVa/TiVa/TivaWare_C_Series-1.0/utils/uartstdio.c'
' '
'Building file: J:/WorkHouse2013/SWRf2013/StellarisTiVa/TiVa/TivaWare_C_Series-1.0/utils/ustdlib.c'
'Invoking: ARM Compiler'
"C:/Program Files/Texas Instruments/ccsv5/tools/compiler/arm_5.0.4/bin/armcl" -mv7M4 --code_state=16 --float_support=FPv4SPD16 --abi=eabi -me -O2 -g --include_path="C:/Program Files/Texas Instruments/ccsv5/tools/compiler/arm_5.0.4/include" --include_path="J:/WorkHouse2013/SW2013/S01_1307_VTDR_Stellaris/freertos_demo" --include_path="J:/WorkHouse2013/SWRf2013/StellarisTiVa/TiVa/TivaWare_C_Series-1.0/examples/boards/ek-tm4c123gxl" --include_path="J:/WorkHouse2013/SWRf2013/StellarisTiVa/TiVa/TivaWare_C_Series-1.0" --include_path="J:/WorkHouse2013/SWRf2013/StellarisTiVa/TiVa/TivaWare_C_Series-1.0/third_party" --include_path="J:/WorkHouse2013/SWRf2013/StellarisTiVa/TiVa/TivaWare_C_Series-1.0/third_party/FreeRTOS/Source/include" --include_path="J:/WorkHouse2013/SWRf2013/StellarisTiVa/TiVa/TivaWare_C_Series-1.0/third_party/FreeRTOS" --include_path="J:/WorkHouse2013/SWRf2013/StellarisTiVa/TiVa/TivaWare_C_Series-1.0/third_party/FreeRTOS/Source/portable/CCS/ARM_CM4F" --gcc --define=ccs="ccs" --define=PART_TM4C123GH6PM --define=TARGET_IS_BLIZZARD_RB1 --diag_warning=225 --display_error_number --diag_wrap=off --gen_func_subsections=on --ual --preproc_with_compile --preproc_dependency="utils/ustdlib.pp" --obj_directory="utils"  "J:/WorkHouse2013/SWRf2013/StellarisTiVa/TiVa/TivaWare_C_Series-1.0/utils/ustdlib.c"
'Finished building: J:/WorkHouse2013/SWRf2013/StellarisTiVa/TiVa/TivaWare_C_Series-1.0/utils/ustdlib.c'
' '
'Building file: J:/WorkHouse2013/SWRf2013/StellarisTiVa/TiVa/TivaWare_C_Series-1.0/third_party/FreeRTOS/Source/list.c'
'Invoking: ARM Compiler'
"C:/Program Files/Texas Instruments/ccsv5/tools/compiler/arm_5.0.4/bin/armcl" -mv7M4 --code_state=16 --float_support=FPv4SPD16 --abi=eabi -me -O2 -g --include_path="C:/Program Files/Texas Instruments/ccsv5/tools/compiler/arm_5.0.4/include" --include_path="J:/WorkHouse2013/SW2013/S01_1307_VTDR_Stellaris/freertos_demo" --include_path="J:/WorkHouse2013/SWRf2013/StellarisTiVa/TiVa/TivaWare_C_Series-1.0/examples/boards/ek-tm4c123gxl" --include_path="J:/WorkHouse2013/SWRf2013/StellarisTiVa/TiVa/TivaWare_C_Series-1.0" --include_path="J:/WorkHouse2013/SWRf2013/StellarisTiVa/TiVa/TivaWare_C_Series-1.0/third_party" --include_path="J:/WorkHouse2013/SWRf2013/StellarisTiVa/TiVa/TivaWare_C_Series-1.0/third_party/FreeRTOS/Source/include" --include_path="J:/WorkHouse2013/SWRf2013/StellarisTiVa/TiVa/TivaWare_C_Series-1.0/third_party/FreeRTOS" --include_path="J:/WorkHouse2013/SWRf2013/StellarisTiVa/TiVa/TivaWare_C_Series-1.0/third_party/FreeRTOS/Source/portable/CCS/ARM_CM4F" --gcc --define=ccs="ccs" --define=PART_TM4C123GH6PM --define=TARGET_IS_BLIZZARD_RB1 --diag_warning=225 --display_error_number --diag_wrap=off --gen_func_subsections=on --ual --preproc_with_compile --preproc_dependency="third_party/FreeRTOS/Source/list.pp" --obj_directory="third_party/FreeRTOS/Source"  "J:/WorkHouse2013/SWRf2013/StellarisTiVa/TiVa/TivaWare_C_Series-1.0/third_party/FreeRTOS/Source/list.c"
'Finished building: J:/WorkHouse2013/SWRf2013/StellarisTiVa/TiVa/TivaWare_C_Series-1.0/third_party/FreeRTOS/Source/list.c'
' '
'Building file: J:/WorkHouse2013/SWRf2013/StellarisTiVa/TiVa/TivaWare_C_Series-1.0/third_party/FreeRTOS/Source/queue.c'
'Invoking: ARM Compiler'
"C:/Program Files/Texas Instruments/ccsv5/tools/compiler/arm_5.0.4/bin/armcl" -mv7M4 --code_state=16 --float_support=FPv4SPD16 --abi=eabi -me -O2 -g --include_path="C:/Program Files/Texas Instruments/ccsv5/tools/compiler/arm_5.0.4/include" --include_path="J:/WorkHouse2013/SW2013/S01_1307_VTDR_Stellaris/freertos_demo" --include_path="J:/WorkHouse2013/SWRf2013/StellarisTiVa/TiVa/TivaWare_C_Series-1.0/examples/boards/ek-tm4c123gxl" --include_path="J:/WorkHouse2013/SWRf2013/StellarisTiVa/TiVa/TivaWare_C_Series-1.0" --include_path="J:/WorkHouse2013/SWRf2013/StellarisTiVa/TiVa/TivaWare_C_Series-1.0/third_party" --include_path="J:/WorkHouse2013/SWRf2013/StellarisTiVa/TiVa/TivaWare_C_Series-1.0/third_party/FreeRTOS/Source/include" --include_path="J:/WorkHouse2013/SWRf2013/StellarisTiVa/TiVa/TivaWare_C_Series-1.0/third_party/FreeRTOS" --include_path="J:/WorkHouse2013/SWRf2013/StellarisTiVa/TiVa/TivaWare_C_Series-1.0/third_party/FreeRTOS/Source/portable/CCS/ARM_CM4F" --gcc --define=ccs="ccs" --define=PART_TM4C123GH6PM --define=TARGET_IS_BLIZZARD_RB1 --diag_warning=225 --display_error_number --diag_wrap=off --gen_func_subsections=on --ual --preproc_with_compile --preproc_dependency="third_party/FreeRTOS/Source/queue.pp" --obj_directory="third_party/FreeRTOS/Source"  "J:/WorkHouse2013/SWRf2013/StellarisTiVa/TiVa/TivaWare_C_Series-1.0/third_party/FreeRTOS/Source/queue.c"
'Finished building: J:/WorkHouse2013/SWRf2013/StellarisTiVa/TiVa/TivaWare_C_Series-1.0/third_party/FreeRTOS/Source/queue.c'
' '
'Building file: J:/WorkHouse2013/SWRf2013/StellarisTiVa/TiVa/TivaWare_C_Series-1.0/third_party/FreeRTOS/Source/tasks.c'
'Invoking: ARM Compiler'
"C:/Program Files/Texas Instruments/ccsv5/tools/compiler/arm_5.0.4/bin/armcl" -mv7M4 --code_state=16 --float_support=FPv4SPD16 --abi=eabi -me -O2 -g --include_path="C:/Program Files/Texas Instruments/ccsv5/tools/compiler/arm_5.0.4/include" --include_path="J:/WorkHouse2013/SW2013/S01_1307_VTDR_Stellaris/freertos_demo" --include_path="J:/WorkHouse2013/SWRf2013/StellarisTiVa/TiVa/TivaWare_C_Series-1.0/examples/boards/ek-tm4c123gxl" --include_path="J:/WorkHouse2013/SWRf2013/StellarisTiVa/TiVa/TivaWare_C_Series-1.0" --include_path="J:/WorkHouse2013/SWRf2013/StellarisTiVa/TiVa/TivaWare_C_Series-1.0/third_party" --include_path="J:/WorkHouse2013/SWRf2013/StellarisTiVa/TiVa/TivaWare_C_Series-1.0/third_party/FreeRTOS/Source/include" --include_path="J:/WorkHouse2013/SWRf2013/StellarisTiVa/TiVa/TivaWare_C_Series-1.0/third_party/FreeRTOS" --include_path="J:/WorkHouse2013/SWRf2013/StellarisTiVa/TiVa/TivaWare_C_Series-1.0/third_party/FreeRTOS/Source/portable/CCS/ARM_CM4F" --gcc --define=ccs="ccs" --define=PART_TM4C123GH6PM --define=TARGET_IS_BLIZZARD_RB1 --diag_warning=225 --display_error_number --diag_wrap=off --gen_func_subsections=on --ual --preproc_with_compile --preproc_dependency="third_party/FreeRTOS/Source/tasks.pp" --obj_directory="third_party/FreeRTOS/Source"  "J:/WorkHouse2013/SWRf2013/StellarisTiVa/TiVa/TivaWare_C_Series-1.0/third_party/FreeRTOS/Source/tasks.c"
'Finished building: J:/WorkHouse2013/SWRf2013/StellarisTiVa/TiVa/TivaWare_C_Series-1.0/third_party/FreeRTOS/Source/tasks.c'
' '
'Building file: J:/WorkHouse2013/SWRf2013/StellarisTiVa/TiVa/TivaWare_C_Series-1.0/third_party/FreeRTOS/Source/portable/MemMang/heap_2.c'
'Invoking: ARM Compiler'
"C:/Program Files/Texas Instruments/ccsv5/tools/compiler/arm_5.0.4/bin/armcl" -mv7M4 --code_state=16 --float_support=FPv4SPD16 --abi=eabi -me -O2 -g --include_path="C:/Program Files/Texas Instruments/ccsv5/tools/compiler/arm_5.0.4/include" --include_path="J:/WorkHouse2013/SW2013/S01_1307_VTDR_Stellaris/freertos_demo" --include_path="J:/WorkHouse2013/SWRf2013/StellarisTiVa/TiVa/TivaWare_C_Series-1.0/examples/boards/ek-tm4c123gxl" --include_path="J:/WorkHouse2013/SWRf2013/StellarisTiVa/TiVa/TivaWare_C_Series-1.0" --include_path="J:/WorkHouse2013/SWRf2013/StellarisTiVa/TiVa/TivaWare_C_Series-1.0/third_party" --include_path="J:/WorkHouse2013/SWRf2013/StellarisTiVa/TiVa/TivaWare_C_Series-1.0/third_party/FreeRTOS/Source/include" --include_path="J:/WorkHouse2013/SWRf2013/StellarisTiVa/TiVa/TivaWare_C_Series-1.0/third_party/FreeRTOS" --include_path="J:/WorkHouse2013/SWRf2013/StellarisTiVa/TiVa/TivaWare_C_Series-1.0/third_party/FreeRTOS/Source/portable/CCS/ARM_CM4F" --gcc --define=ccs="ccs" --define=PART_TM4C123GH6PM --define=TARGET_IS_BLIZZARD_RB1 --diag_warning=225 --display_error_number --diag_wrap=off --gen_func_subsections=on --ual --preproc_with_compile --preproc_dependency="third_party/FreeRTOS/Source/portable/MemMang/heap_2.pp" --obj_directory="third_party/FreeRTOS/Source/portable/MemMang"  "J:/WorkHouse2013/SWRf2013/StellarisTiVa/TiVa/TivaWare_C_Series-1.0/third_party/FreeRTOS/Source/portable/MemMang/heap_2.c"
'Finished building: J:/WorkHouse2013/SWRf2013/StellarisTiVa/TiVa/TivaWare_C_Series-1.0/third_party/FreeRTOS/Source/portable/MemMang/heap_2.c'
' '
'Building file: J:/WorkHouse2013/SWRf2013/StellarisTiVa/TiVa/TivaWare_C_Series-1.0/third_party/FreeRTOS/Source/portable/CCS/ARM_CM4F/port.c'
'Invoking: ARM Compiler'
"C:/Program Files/Texas Instruments/ccsv5/tools/compiler/arm_5.0.4/bin/armcl" -mv7M4 --code_state=16 --float_support=FPv4SPD16 --abi=eabi -me -O2 -g --include_path="C:/Program Files/Texas Instruments/ccsv5/tools/compiler/arm_5.0.4/include" --include_path="J:/WorkHouse2013/SW2013/S01_1307_VTDR_Stellaris/freertos_demo" --include_path="J:/WorkHouse2013/SWRf2013/StellarisTiVa/TiVa/TivaWare_C_Series-1.0/examples/boards/ek-tm4c123gxl" --include_path="J:/WorkHouse2013/SWRf2013/StellarisTiVa/TiVa/TivaWare_C_Series-1.0" --include_path="J:/WorkHouse2013/SWRf2013/StellarisTiVa/TiVa/TivaWare_C_Series-1.0/third_party" --include_path="J:/WorkHouse2013/SWRf2013/StellarisTiVa/TiVa/TivaWare_C_Series-1.0/third_party/FreeRTOS/Source/include" --include_path="J:/WorkHouse2013/SWRf2013/StellarisTiVa/TiVa/TivaWare_C_Series-1.0/third_party/FreeRTOS" --include_path="J:/WorkHouse2013/SWRf2013/StellarisTiVa/TiVa/TivaWare_C_Series-1.0/third_party/FreeRTOS/Source/portable/CCS/ARM_CM4F" --gcc --define=ccs="ccs" --define=PART_TM4C123GH6PM --define=TARGET_IS_BLIZZARD_RB1 --diag_warning=225 --display_error_number --diag_wrap=off --gen_func_subsections=on --ual --preproc_with_compile --preproc_dependency="third_party/FreeRTOS/Source/portable/CCS/ARM_CM4F/port.pp" --obj_directory="third_party/FreeRTOS/Source/portable/CCS/ARM_CM4F"  "J:/WorkHouse2013/SWRf2013/StellarisTiVa/TiVa/TivaWare_C_Series-1.0/third_party/FreeRTOS/Source/portable/CCS/ARM_CM4F/port.c"
'Finished building: J:/WorkHouse2013/SWRf2013/StellarisTiVa/TiVa/TivaWare_C_Series-1.0/third_party/FreeRTOS/Source/portable/CCS/ARM_CM4F/port.c'
' '
'Building file: J:/WorkHouse2013/SWRf2013/StellarisTiVa/TiVa/TivaWare_C_Series-1.0/third_party/FreeRTOS/Source/portable/CCS/ARM_CM4F/portasm.asm'
'Invoking: ARM Compiler'
"C:/Program Files/Texas Instruments/ccsv5/tools/compiler/arm_5.0.4/bin/armcl" -mv7M4 --code_state=16 --float_support=FPv4SPD16 --abi=eabi -me -O2 -g --include_path="C:/Program Files/Texas Instruments/ccsv5/tools/compiler/arm_5.0.4/include" --include_path="J:/WorkHouse2013/SW2013/S01_1307_VTDR_Stellaris/freertos_demo" --include_path="J:/WorkHouse2013/SWRf2013/StellarisTiVa/TiVa/TivaWare_C_Series-1.0/examples/boards/ek-tm4c123gxl" --include_path="J:/WorkHouse2013/SWRf2013/StellarisTiVa/TiVa/TivaWare_C_Series-1.0" --include_path="J:/WorkHouse2013/SWRf2013/StellarisTiVa/TiVa/TivaWare_C_Series-1.0/third_party" --include_path="J:/WorkHouse2013/SWRf2013/StellarisTiVa/TiVa/TivaWare_C_Series-1.0/third_party/FreeRTOS/Source/include" --include_path="J:/WorkHouse2013/SWRf2013/StellarisTiVa/TiVa/TivaWare_C_Series-1.0/third_party/FreeRTOS" --include_path="J:/WorkHouse2013/SWRf2013/StellarisTiVa/TiVa/TivaWare_C_Series-1.0/third_party/FreeRTOS/Source/portable/CCS/ARM_CM4F" --gcc --define=ccs="ccs" --define=PART_TM4C123GH6PM --define=TARGET_IS_BLIZZARD_RB1 --diag_warning=225 --display_error_number --diag_wrap=off --gen_func_subsections=on --ual --preproc_with_compile --preproc_dependency="third_party/FreeRTOS/Source/portable/CCS/ARM_CM4F/portasm.pp" --obj_directory="third_party/FreeRTOS/Source/portable/CCS/ARM_CM4F"  "J:/WorkHouse2013/SWRf2013/StellarisTiVa/TiVa/TivaWare_C_Series-1.0/third_party/FreeRTOS/Source/portable/CCS/ARM_CM4F/portasm.asm"
'Finished building: J:/WorkHouse2013/SWRf2013/StellarisTiVa/TiVa/TivaWare_C_Series-1.0/third_party/FreeRTOS/Source/portable/CCS/ARM_CM4F/portasm.asm'
' '
'Building file: J:/WorkHouse2013/SWRf2013/StellarisTiVa/TiVa/TivaWare_C_Series-1.0/examples/boards/ek-tm4c123gxl/drivers/buttons.c'
'Invoking: ARM Compiler'
"C:/Program Files/Texas Instruments/ccsv5/tools/compiler/arm_5.0.4/bin/armcl" -mv7M4 --code_state=16 --float_support=FPv4SPD16 --abi=eabi -me -O2 -g --include_path="C:/Program Files/Texas Instruments/ccsv5/tools/compiler/arm_5.0.4/include" --include_path="J:/WorkHouse2013/SW2013/S01_1307_VTDR_Stellaris/freertos_demo" --include_path="J:/WorkHouse2013/SWRf2013/StellarisTiVa/TiVa/TivaWare_C_Series-1.0/examples/boards/ek-tm4c123gxl" --include_path="J:/WorkHouse2013/SWRf2013/StellarisTiVa/TiVa/TivaWare_C_Series-1.0" --include_path="J:/WorkHouse2013/SWRf2013/StellarisTiVa/TiVa/TivaWare_C_Series-1.0/third_party" --include_path="J:/WorkHouse2013/SWRf2013/StellarisTiVa/TiVa/TivaWare_C_Series-1.0/third_party/FreeRTOS/Source/include" --include_path="J:/WorkHouse2013/SWRf2013/StellarisTiVa/TiVa/TivaWare_C_Series-1.0/third_party/FreeRTOS" --include_path="J:/WorkHouse2013/SWRf2013/StellarisTiVa/TiVa/TivaWare_C_Series-1.0/third_party/FreeRTOS/Source/portable/CCS/ARM_CM4F" --gcc --define=ccs="ccs" --define=PART_TM4C123GH6PM --define=TARGET_IS_BLIZZARD_RB1 --diag_warning=225 --display_error_number --diag_wrap=off --gen_func_subsections=on --ual --preproc_with_compile --preproc_dependency="drivers/buttons.pp" --obj_directory="drivers"  "J:/WorkHouse2013/SWRf2013/StellarisTiVa/TiVa/TivaWare_C_Series-1.0/examples/boards/ek-tm4c123gxl/drivers/buttons.c"
'Finished building: J:/WorkHouse2013/SWRf2013/StellarisTiVa/TiVa/TivaWare_C_Series-1.0/examples/boards/ek-tm4c123gxl/drivers/buttons.c'
' '
'Building file: J:/WorkHouse2013/SWRf2013/StellarisTiVa/TiVa/TivaWare_C_Series-1.0/examples/boards/ek-tm4c123gxl/drivers/rgb.c'
'Invoking: ARM Compiler'
"C:/Program Files/Texas Instruments/ccsv5/tools/compiler/arm_5.0.4/bin/armcl" -mv7M4 --code_state=16 --float_support=FPv4SPD16 --abi=eabi -me -O2 -g --include_path="C:/Program Files/Texas Instruments/ccsv5/tools/compiler/arm_5.0.4/include" --include_path="J:/WorkHouse2013/SW2013/S01_1307_VTDR_Stellaris/freertos_demo" --include_path="J:/WorkHouse2013/SWRf2013/StellarisTiVa/TiVa/TivaWare_C_Series-1.0/examples/boards/ek-tm4c123gxl" --include_path="J:/WorkHouse2013/SWRf2013/StellarisTiVa/TiVa/TivaWare_C_Series-1.0" --include_path="J:/WorkHouse2013/SWRf2013/StellarisTiVa/TiVa/TivaWare_C_Series-1.0/third_party" --include_path="J:/WorkHouse2013/SWRf2013/StellarisTiVa/TiVa/TivaWare_C_Series-1.0/third_party/FreeRTOS/Source/include" --include_path="J:/WorkHouse2013/SWRf2013/StellarisTiVa/TiVa/TivaWare_C_Series-1.0/third_party/FreeRTOS" --include_path="J:/WorkHouse2013/SWRf2013/StellarisTiVa/TiVa/TivaWare_C_Series-1.0/third_party/FreeRTOS/Source/portable/CCS/ARM_CM4F" --gcc --define=ccs="ccs" --define=PART_TM4C123GH6PM --define=TARGET_IS_BLIZZARD_RB1 --diag_warning=225 --display_error_number --diag_wrap=off --gen_func_subsections=on --ual --preproc_with_compile --preproc_dependency="drivers/rgb.pp" --obj_directory="drivers"  "J:/WorkHouse2013/SWRf2013/StellarisTiVa/TiVa/TivaWare_C_Series-1.0/examples/boards/ek-tm4c123gxl/drivers/rgb.c"
'Finished building: J:/WorkHouse2013/SWRf2013/StellarisTiVa/TiVa/TivaWare_C_Series-1.0/examples/boards/ek-tm4c123gxl/drivers/rgb.c'
' '
'Building target: freertos_demo.out'
'Invoking: ARM Linker'
"C:/Program Files/Texas Instruments/ccsv5/tools/compiler/arm_5.0.4/bin/armcl" -mv7M4 --code_state=16 --float_support=FPv4SPD16 --abi=eabi -me -O2 -g --gcc --define=ccs="ccs" --define=PART_TM4C123GH6PM --define=TARGET_IS_BLIZZARD_RB1 --diag_warning=225 --display_error_number --diag_wrap=off --gen_func_subsections=on --ual -z --stack_size=512 -m"freertos_demo_ccs.map" --heap_size=0 -i"C:/Program Files/Texas Instruments/ccsv5/tools/compiler/arm_5.0.4/lib" -i"C:/Program Files/Texas Instruments/ccsv5/tools/compiler/arm_5.0.4/include" --reread_libs --warn_sections --display_error_number --diag_wrap=off --rom_model -o "freertos_demo.out"  "./drivers/rgb.obj" "./drivers/buttons.obj" "./third_party/FreeRTOS/Source/portable/CCS/ARM_CM4F/portasm.obj" "./third_party/FreeRTOS/Source/portable/CCS/ARM_CM4F/port.obj" "./third_party/FreeRTOS/Source/portable/MemMang/heap_2.obj" "./third_party/FreeRTOS/Source/tasks.obj" "./third_party/FreeRTOS/Source/queue.obj" "./third_party/FreeRTOS/Source/list.obj" "./utils/ustdlib.obj" "./utils/uartstdio.obj" "./switch_task.obj" "./startup_ccs.obj" "./led_task.obj" "./freertos_demo.obj" -l"libc.a" -l"J:/WorkHouse2013/SWRf2013/StellarisTiVa/TiVa/TivaWare_C_Series-1.0/examples/boards/ek-tm4c123gxl/freertos_demo/ccs/../../../../../driverlib/ccs/Debug/driverlib.lib" "../freertos_demo_ccs.cmd" 
<Linking>
'Finished building target: freertos_demo.out'
' '
"C:/Program Files/Texas Instruments/ccsv5/utils/tiobj2bin/tiobj2bin" "freertos_demo.out" "freertos_demo.bin" "C:/Program Files/Texas Instruments/ccsv5/tools/compiler/arm_5.0.4/bin/armofd" "C:/Program Files/Texas Instruments/ccsv5/tools/compiler/arm_5.0.4/bin/armhex" "C:/Program Files/Texas Instruments/ccsv5/utils/tiobj2bin/mkhex4bin"
' '

**** Build Finished ****
